<?xml version="1.0" encoding="UTF-8"?>
<!-- Generated by org.testng.reporters.JUnitReportReporter -->
<testsuite hostname="DEVWIN705" name="admin.Organization" tests="1" failures="0" timestamp="1 Jun 2017 10:37:40 GMT" time="21.572" errors="0">
  <testcase name="addCustomerProjectDetails" time="21.572" classname="admin.Organization"/>
</testsuite> <!-- admin.Organization -->
