<?xml version="1.0" encoding="UTF-8"?>
<!-- Generated by org.testng.reporters.JUnitReportReporter -->
<testsuite hostname="DEVWIN705" name="admin.SystemSettings" tests="1" failures="0" timestamp="25 May 2017 09:56:19 GMT" time="20.699" errors="0">
  <testcase name="addLicenseVendor" time="20.699" classname="admin.SystemSettings"/>
</testsuite> <!-- admin.SystemSettings -->
