<?xml version="1.0" encoding="UTF-8"?>
<!-- Generated by org.testng.reporters.JUnitReportReporter -->
<testsuite hostname="DEVWIN705" name="superadmin.SuperAdminModule" tests="3" failures="0" timestamp="7 Feb 2017 15:52:29 GMT" time="84.354" errors="0">
  <testcase name="createEmbassyMaster" time="28.400" classname="superadmin.SuperAdminModule"/>
  <testcase name="createLicense" time="28.517" classname="superadmin.SuperAdminModule"/>
  <testcase name="createLicense" time="27.437" classname="superadmin.SuperAdminModule"/>
</testsuite> <!-- superadmin.SuperAdminModule -->
