<?xml version="1.0" encoding="UTF-8"?>
<!-- Generated by org.testng.reporters.JUnitReportReporter -->
<testsuite hostname="DEVWIN705" name="admin.Configuration" tests="1" failures="0" timestamp="31 May 2017 10:41:28 GMT" time="19.821" errors="0">
  <testcase name="claim_MenuMapping" time="19.821" classname="admin.Configuration"/>
</testsuite> <!-- admin.Configuration -->
